mode: set
go-api/internal/domain/account/entity.go:20.58,22.16 2 1
go-api/internal/domain/account/entity.go:22.16,24.3 1 1
go-api/internal/domain/account/entity.go:26.2,27.16 2 1
go-api/internal/domain/account/entity.go:27.16,29.3 1 1
go-api/internal/domain/account/entity.go:31.2,40.8 2 1
go-api/internal/domain/account/entity.go:43.45,44.24 1 1
go-api/internal/domain/account/entity.go:44.24,46.3 1 1
go-api/internal/domain/account/entity.go:47.2,48.16 2 1
go-api/internal/domain/account/entity.go:48.16,50.3 1 1
go-api/internal/domain/account/entity.go:51.2,53.12 3 1
go-api/internal/domain/account/entity.go:56.46,57.24 1 1
go-api/internal/domain/account/entity.go:57.24,59.3 1 1
go-api/internal/domain/account/entity.go:60.2,62.12 3 1
go-api/internal/domain/account/entity.go:65.32,68.2 2 1
go-api/internal/domain/account/entity.go:70.30,73.2 2 1
go-api/internal/domain/account/entity.go:75.35,77.2 1 1
go-api/internal/domain/account/value_objects.go:18.43,19.15 1 1
go-api/internal/domain/account/value_objects.go:19.15,21.3 1 1
go-api/internal/domain/account/value_objects.go:22.2,22.26 1 1
go-api/internal/domain/account/value_objects.go:25.30,27.2 1 1
go-api/internal/domain/account/value_objects.go:29.34,31.2 1 1
go-api/internal/domain/account/value_objects.go:33.39,35.2 1 1
go-api/internal/domain/account/value_objects.go:37.48,38.15 1 1
go-api/internal/domain/account/value_objects.go:38.15,40.3 1 1
go-api/internal/domain/account/value_objects.go:41.2,41.23 1 1
go-api/internal/domain/account/value_objects.go:44.32,48.2 3 1
go-api/internal/domain/account/value_objects.go:53.40,55.23 2 1
go-api/internal/domain/account/value_objects.go:55.23,57.3 1 1
go-api/internal/domain/account/value_objects.go:58.2,58.21 1 1
go-api/internal/domain/account/value_objects.go:58.21,60.3 1 1
go-api/internal/domain/account/value_objects.go:61.2,61.34 1 1
go-api/internal/domain/account/value_objects.go:61.34,63.3 1 1
go-api/internal/domain/account/value_objects.go:64.2,64.25 1 1
go-api/internal/domain/account/value_objects.go:67.30,69.2 1 1
go-api/internal/domain/account/value_objects.go:71.34,73.30 2 1
go-api/internal/domain/account/value_objects.go:73.30,74.33 1 1
go-api/internal/domain/account/value_objects.go:74.33,76.4 1 1
go-api/internal/domain/account/value_objects.go:78.2,78.20 1 1
go-api/internal/domain/account/value_objects.go:81.29,82.30 1 1
go-api/internal/domain/account/value_objects.go:82.30,83.19 1 1
go-api/internal/domain/account/value_objects.go:83.19,85.4 1 1
go-api/internal/domain/account/value_objects.go:87.2,87.13 1 1
go-api/internal/domain/account/value_objects.go:90.46,92.28 2 1
go-api/internal/domain/account/value_objects.go:92.28,95.3 2 1
go-api/internal/domain/account/value_objects.go:97.2,98.25 2 1
go-api/internal/domain/account/value_objects.go:98.25,100.3 1 1
go-api/internal/domain/account/value_objects.go:101.2,102.26 2 1
go-api/internal/domain/account/value_objects.go:102.26,104.3 1 1
go-api/internal/domain/account/value_objects.go:105.2,105.16 1 1
go-api/internal/domain/account/value_objects.go:105.16,107.3 1 1
go-api/internal/domain/account/value_objects.go:109.2,110.26 2 1
go-api/internal/domain/account/value_objects.go:110.26,112.3 1 1
go-api/internal/domain/account/value_objects.go:113.2,114.26 2 1
go-api/internal/domain/account/value_objects.go:114.26,116.3 1 1
go-api/internal/domain/account/value_objects.go:117.2,117.20 1 1
go-api/internal/domain/transaction/entity.go:25.117,26.26 1 1
go-api/internal/domain/transaction/entity.go:26.26,28.3 1 1
go-api/internal/domain/transaction/entity.go:30.2,38.8 1 1
go-api/internal/domain/transaction/entity.go:41.50,42.25 1 1
go-api/internal/domain/transaction/entity.go:42.25,44.3 1 1
go-api/internal/domain/transaction/entity.go:45.2,46.12 2 1
go-api/internal/domain/transaction/entity.go:49.67,50.28 1 1
go-api/internal/domain/transaction/entity.go:50.28,52.3 1 1
go-api/internal/domain/transaction/entity.go:53.2,57.12 5 1
go-api/internal/domain/transaction/entity.go:60.52,61.51 1 1
go-api/internal/domain/transaction/entity.go:61.51,63.3 1 1
go-api/internal/domain/transaction/entity.go:64.2,68.12 5 1
go-api/internal/domain/transaction/entity.go:71.41,73.2 1 1
go-api/internal/domain/pixkey/entity.go:18.70,20.16 2 1
go-api/internal/domain/pixkey/entity.go:20.16,22.3 1 1
go-api/internal/domain/pixkey/entity.go:24.2,24.55 1 1
go-api/internal/domain/pixkey/entity.go:24.55,26.3 1 1
go-api/internal/domain/pixkey/entity.go:28.2,35.8 1 1
go-api/internal/domain/pixkey/entity.go:38.51,40.2 1 1
go-api/internal/domain/pixkey/entity.go:42.34,44.2 1 1
go-api/internal/domain/pixkey/entity.go:46.31,48.2 1 1
go-api/internal/domain/pixkey/value_objects.go:33.46,34.37 1 1
go-api/internal/domain/pixkey/value_objects.go:35.36,36.42 1 1
go-api/internal/domain/pixkey/value_objects.go:37.10,38.31 1 1
go-api/internal/domain/pixkey/value_objects.go:42.55,43.12 1 1
go-api/internal/domain/pixkey/value_objects.go:44.11,45.32 1 1
go-api/internal/domain/pixkey/value_objects.go:45.32,47.4 1 1
go-api/internal/domain/pixkey/value_objects.go:48.12,49.33 1 1
go-api/internal/domain/pixkey/value_objects.go:49.33,51.4 1 1
go-api/internal/domain/pixkey/value_objects.go:52.13,53.34 1 1
go-api/internal/domain/pixkey/value_objects.go:53.34,55.4 1 1
go-api/internal/domain/pixkey/value_objects.go:56.13,57.51 1 1
go-api/internal/domain/pixkey/value_objects.go:57.51,59.4 1 1
go-api/internal/domain/pixkey/value_objects.go:60.11,61.49 1 1
go-api/internal/domain/pixkey/value_objects.go:61.49,63.4 1 1
go-api/internal/domain/pixkey/value_objects.go:65.2,65.12 1 1
go-api/internal/application/usecase/account_service.go:18.78,20.2 1 1
go-api/internal/application/usecase/account_service.go:22.103,28.16 4 1
go-api/internal/application/usecase/account_service.go:28.16,31.3 2 1
go-api/internal/application/usecase/account_service.go:33.2,34.16 2 1
go-api/internal/application/usecase/account_service.go:34.16,37.3 2 1
go-api/internal/application/usecase/account_service.go:39.2,39.48 1 1
go-api/internal/application/usecase/account_service.go:39.48,42.3 2 1
go-api/internal/application/usecase/account_service.go:44.2,45.17 2 1
go-api/internal/application/usecase/account_service.go:48.92,52.16 3 1
go-api/internal/application/usecase/account_service.go:52.16,55.3 2 1
go-api/internal/application/usecase/account_service.go:57.2,57.17 1 1
go-api/internal/application/usecase/account_service.go:60.92,64.16 3 1
go-api/internal/application/usecase/account_service.go:64.16,67.3 2 1
go-api/internal/application/usecase/account_service.go:69.2,70.25 2 1
go-api/internal/application/usecase/account_service.go:73.111,77.16 3 1
go-api/internal/application/usecase/account_service.go:77.16,79.3 1 1
go-api/internal/application/usecase/account_service.go:80.2,80.26 1 1
go-api/internal/application/usecase/account_service.go:80.26,82.3 1 1
go-api/internal/application/usecase/account_service.go:84.2,85.16 2 1
go-api/internal/application/usecase/account_service.go:85.16,88.3 2 1
go-api/internal/application/usecase/account_service.go:90.2,90.43 1 1
go-api/internal/application/usecase/account_service.go:90.43,92.3 1 1
go-api/internal/application/usecase/account_service.go:94.2,94.48 1 1
go-api/internal/application/usecase/account_service.go:94.48,97.3 2 1
go-api/internal/application/usecase/account_service.go:99.2,100.17 2 1
go-api/internal/application/usecase/payment_service.go:27.25,34.2 1 1
go-api/internal/application/usecase/payment_service.go:36.161,46.26 4 1
go-api/internal/application/usecase/payment_service.go:46.26,48.3 1 1
go-api/internal/application/usecase/payment_service.go:50.2,51.16 2 1
go-api/internal/application/usecase/payment_service.go:51.16,54.3 2 1
go-api/internal/application/usecase/payment_service.go:55.2,55.23 1 1
go-api/internal/application/usecase/payment_service.go:55.23,57.3 1 1
go-api/internal/application/usecase/payment_service.go:59.2,60.16 2 1
go-api/internal/application/usecase/payment_service.go:60.16,63.3 2 1
go-api/internal/application/usecase/payment_service.go:65.2,65.45 1 1
go-api/internal/application/usecase/payment_service.go:65.45,67.3 1 1
go-api/internal/application/usecase/payment_service.go:69.2,69.41 1 1
go-api/internal/application/usecase/payment_service.go:69.41,75.3 2 1
go-api/internal/application/usecase/payment_service.go:78.2,80.49 2 1
go-api/internal/application/usecase/payment_service.go:80.49,83.3 2 1
go-api/internal/application/usecase/payment_service.go:85.2,85.69 1 1
go-api/internal/application/usecase/payment_service.go:85.69,87.3 1 1
go-api/internal/application/usecase/payment_service.go:89.2,90.16 2 1
go-api/internal/application/usecase/payment_service.go:93.83,102.16 4 1
go-api/internal/application/usecase/payment_service.go:102.16,105.3 2 1
go-api/internal/application/usecase/payment_service.go:107.2,107.45 1 1
go-api/internal/application/usecase/payment_service.go:107.45,110.3 2 1
go-api/internal/application/usecase/payment_service.go:112.2,112.49 1 1
go-api/internal/application/usecase/payment_service.go:112.49,115.3 2 1
go-api/internal/application/usecase/payment_service.go:117.2,118.16 2 1
go-api/internal/application/usecase/payment_service.go:118.16,122.3 3 1
go-api/internal/application/usecase/payment_service.go:124.2,125.16 2 1
go-api/internal/application/usecase/payment_service.go:125.16,129.3 3 1
go-api/internal/application/usecase/payment_service.go:131.2,132.16 2 1
go-api/internal/application/usecase/payment_service.go:132.16,136.3 3 1
go-api/internal/application/usecase/payment_service.go:138.2,138.47 1 1
go-api/internal/application/usecase/payment_service.go:138.47,142.3 3 1
go-api/internal/application/usecase/payment_service.go:144.2,144.51 1 1
go-api/internal/application/usecase/payment_service.go:144.51,148.3 3 1
go-api/internal/application/usecase/payment_service.go:150.2,150.57 1 1
go-api/internal/application/usecase/payment_service.go:150.57,154.3 3 1
go-api/internal/application/usecase/payment_service.go:156.2,156.60 1 1
go-api/internal/application/usecase/payment_service.go:156.60,160.3 3 1
go-api/internal/application/usecase/payment_service.go:162.2,162.49 1 1
go-api/internal/application/usecase/payment_service.go:162.49,165.3 2 1
go-api/internal/application/usecase/payment_service.go:167.2,167.49 1 1
go-api/internal/application/usecase/payment_service.go:167.49,170.3 2 1
go-api/internal/application/usecase/payment_service.go:172.2,172.69 1 1
go-api/internal/application/usecase/payment_service.go:172.69,174.3 1 1
go-api/internal/application/usecase/payment_service.go:176.2,181.12 2 1
go-api/internal/application/usecase/payment_service.go:184.103,188.16 3 1
go-api/internal/application/usecase/payment_service.go:188.16,191.3 2 1
go-api/internal/application/usecase/payment_service.go:193.2,193.16 1 1
go-api/internal/application/usecase/payment_service.go:196.117,200.16 3 1
go-api/internal/application/usecase/payment_service.go:200.16,203.3 2 1
go-api/internal/application/usecase/payment_service.go:205.2,206.17 2 1
go-api/internal/application/usecase/payment_service.go:209.133,211.49 2 1
go-api/internal/application/usecase/payment_service.go:211.49,214.3 2 1
go-api/internal/application/usecase/payment_service.go:215.2,215.66 1 1
go-api/internal/application/usecase/payment_service.go:215.66,217.3 1 1
go-api/internal/application/usecase/payment_service.go:218.2,218.12 1 1
go-api/internal/application/usecase/pixkey_service.go:20.117,22.2 1 1
go-api/internal/application/usecase/pixkey_service.go:24.116,34.16 4 1
go-api/internal/application/usecase/pixkey_service.go:34.16,37.3 2 1
go-api/internal/application/usecase/pixkey_service.go:38.2,38.21 1 1
go-api/internal/application/usecase/pixkey_service.go:38.21,40.3 1 1
go-api/internal/application/usecase/pixkey_service.go:42.2,43.16 2 1
go-api/internal/application/usecase/pixkey_service.go:43.16,46.3 2 1
go-api/internal/application/usecase/pixkey_service.go:47.2,47.16 1 1
go-api/internal/application/usecase/pixkey_service.go:47.16,50.3 2 1
go-api/internal/application/usecase/pixkey_service.go:52.2,53.35 2 1
go-api/internal/application/usecase/pixkey_service.go:53.35,56.3 2 1
go-api/internal/application/usecase/pixkey_service.go:58.2,59.16 2 1
go-api/internal/application/usecase/pixkey_service.go:59.16,62.3 2 1
go-api/internal/application/usecase/pixkey_service.go:64.2,64.51 1 1
go-api/internal/application/usecase/pixkey_service.go:64.51,67.3 2 1
go-api/internal/application/usecase/pixkey_service.go:69.2,70.17 2 1
go-api/internal/application/usecase/pixkey_service.go:73.98,80.16 3 1
go-api/internal/application/usecase/pixkey_service.go:80.16,83.3 2 1
go-api/internal/application/usecase/pixkey_service.go:85.2,85.17 1 1
go-api/internal/application/usecase/pixkey_service.go:88.87,96.16 3 1
go-api/internal/application/usecase/pixkey_service.go:96.16,99.3 2 1
go-api/internal/application/usecase/pixkey_service.go:101.2,101.31 1 1
go-api/internal/application/usecase/pixkey_service.go:101.31,104.3 2 1
go-api/internal/application/usecase/pixkey_service.go:106.2,106.56 1 1
go-api/internal/application/usecase/pixkey_service.go:106.56,109.3 2 1
go-api/internal/application/usecase/pixkey_service.go:111.2,112.12 2 1
go-api/internal/application/usecase/pixkey_service.go:115.103,122.16 3 1
go-api/internal/application/usecase/pixkey_service.go:122.16,125.3 2 1
go-api/internal/application/usecase/pixkey_service.go:127.2,128.18 2 1
